Started GET "/" for ::1 at 2019-07-11 19:55:23 +0900
Processing by Rails::WelcomeController#index as HTML
  Rendering /Library/Ruby/Gems/2.3.0/gems/railties-5.2.3/lib/rails/templates/rails/welcome/index.html.erb
  Rendered /Library/Ruby/Gems/2.3.0/gems/railties-5.2.3/lib/rails/templates/rails/welcome/index.html.erb (4.0ms)
Completed 200 OK in 22ms (Views: 10.9ms | ActiveRecord: 0.0ms)


Started GET "/" for ::1 at 2019-07-11 20:12:09 +0900
  
ArgumentError (Route path not specified):
  
config/routes.rb:3:in `block in <main>'
config/routes.rb:1:in `<main>'
Started GET "/" for ::1 at 2019-07-11 20:14:01 +0900
Processing by HomeController#index as HTML
  Rendering html template
  Rendered html template (0.0ms)
Completed 200 OK in 8ms (Views: 2.6ms | ActiveRecord: 0.0ms)


Started GET "/" for ::1 at 2019-07-11 20:17:35 +0900
Processing by HomeController#index as HTML
  Rendering html template
  Rendered html template (0.0ms)
Completed 200 OK in 2ms (Views: 0.6ms | ActiveRecord: 0.0ms)


Started GET "/" for ::1 at 2019-07-11 20:17:35 +0900
Processing by HomeController#index as HTML
  Rendering html template
  Rendered html template (0.0ms)
Completed 200 OK in 1ms (Views: 0.3ms | ActiveRecord: 0.0ms)


Started GET "/" for ::1 at 2019-07-11 20:19:38 +0900
Processing by HomeController#index as HTML
  Rendering html template
  Rendered html template (0.0ms)
Completed 200 OK in 1ms (Views: 0.7ms | ActiveRecord: 0.0ms)


Started GET "/" for ::1 at 2019-07-11 20:20:56 +0900
Processing by HomeController#index as HTML
  Rendering html template
  Rendered html template (0.0ms)
Completed 200 OK in 1ms (Views: 0.6ms | ActiveRecord: 0.0ms)


Started GET "/" for ::1 at 2019-07-11 20:22:21 +0900
Processing by HomeController#index as HTML
  Rendering html template
  Rendered html template (0.1ms)
Completed 200 OK in 1ms (Views: 0.6ms | ActiveRecord: 0.0ms)


Started GET "/" for ::1 at 2019-07-11 20:33:57 +0900
Processing by HomeController#index as HTML
  Rendering html template
  Rendered html template (0.0ms)
Completed 200 OK in 1ms (Views: 0.5ms | ActiveRecord: 0.0ms)


Started GET "/" for ::1 at 2019-07-11 20:33:59 +0900
Processing by HomeController#index as HTML
  Rendering html template
  Rendered html template (0.0ms)
Completed 200 OK in 1ms (Views: 0.4ms | ActiveRecord: 0.0ms)


Started GET "/animals" for ::1 at 2019-07-11 20:34:05 +0900
  
ActionController::RoutingError (No route matches [GET] "/animals"):
  
actionpack (5.2.3) lib/action_dispatch/middleware/debug_exceptions.rb:65:in `call'
web-console (3.7.0) lib/web_console/middleware.rb:135:in `call_app'
web-console (3.7.0) lib/web_console/middleware.rb:30:in `block in call'
web-console (3.7.0) lib/web_console/middleware.rb:20:in `catch'
web-console (3.7.0) lib/web_console/middleware.rb:20:in `call'
actionpack (5.2.3) lib/action_dispatch/middleware/show_exceptions.rb:33:in `call'
railties (5.2.3) lib/rails/rack/logger.rb:38:in `call_app'
railties (5.2.3) lib/rails/rack/logger.rb:26:in `block in call'
activesupport (5.2.3) lib/active_support/tagged_logging.rb:71:in `block in tagged'
activesupport (5.2.3) lib/active_support/tagged_logging.rb:28:in `tagged'
activesupport (5.2.3) lib/active_support/tagged_logging.rb:71:in `tagged'
railties (5.2.3) lib/rails/rack/logger.rb:26:in `call'
sprockets-rails (3.2.1) lib/sprockets/rails/quiet_assets.rb:13:in `call'
actionpack (5.2.3) lib/action_dispatch/middleware/remote_ip.rb:81:in `call'
actionpack (5.2.3) lib/action_dispatch/middleware/request_id.rb:27:in `call'
rack (2.0.7) lib/rack/method_override.rb:22:in `call'
rack (2.0.7) lib/rack/runtime.rb:22:in `call'
activesupport (5.2.3) lib/active_support/cache/strategy/local_cache_middleware.rb:29:in `call'
actionpack (5.2.3) lib/action_dispatch/middleware/executor.rb:14:in `call'
actionpack (5.2.3) lib/action_dispatch/middleware/static.rb:127:in `call'
rack (2.0.7) lib/rack/sendfile.rb:111:in `call'
railties (5.2.3) lib/rails/engine.rb:524:in `call'
puma (3.12.1) lib/puma/configuration.rb:227:in `call'
puma (3.12.1) lib/puma/server.rb:660:in `handle_request'
puma (3.12.1) lib/puma/server.rb:474:in `process_client'
puma (3.12.1) lib/puma/server.rb:334:in `block in run'
puma (3.12.1) lib/puma/thread_pool.rb:135:in `block in spawn_thread'
Started GET "/animal" for ::1 at 2019-07-11 20:34:09 +0900
  
ActionController::RoutingError (No route matches [GET] "/animal"):
  
actionpack (5.2.3) lib/action_dispatch/middleware/debug_exceptions.rb:65:in `call'
web-console (3.7.0) lib/web_console/middleware.rb:135:in `call_app'
web-console (3.7.0) lib/web_console/middleware.rb:30:in `block in call'
web-console (3.7.0) lib/web_console/middleware.rb:20:in `catch'
web-console (3.7.0) lib/web_console/middleware.rb:20:in `call'
actionpack (5.2.3) lib/action_dispatch/middleware/show_exceptions.rb:33:in `call'
railties (5.2.3) lib/rails/rack/logger.rb:38:in `call_app'
railties (5.2.3) lib/rails/rack/logger.rb:26:in `block in call'
activesupport (5.2.3) lib/active_support/tagged_logging.rb:71:in `block in tagged'
activesupport (5.2.3) lib/active_support/tagged_logging.rb:28:in `tagged'
activesupport (5.2.3) lib/active_support/tagged_logging.rb:71:in `tagged'
railties (5.2.3) lib/rails/rack/logger.rb:26:in `call'
sprockets-rails (3.2.1) lib/sprockets/rails/quiet_assets.rb:13:in `call'
actionpack (5.2.3) lib/action_dispatch/middleware/remote_ip.rb:81:in `call'
actionpack (5.2.3) lib/action_dispatch/middleware/request_id.rb:27:in `call'
rack (2.0.7) lib/rack/method_override.rb:22:in `call'
rack (2.0.7) lib/rack/runtime.rb:22:in `call'
activesupport (5.2.3) lib/active_support/cache/strategy/local_cache_middleware.rb:29:in `call'
actionpack (5.2.3) lib/action_dispatch/middleware/executor.rb:14:in `call'
actionpack (5.2.3) lib/action_dispatch/middleware/static.rb:127:in `call'
rack (2.0.7) lib/rack/sendfile.rb:111:in `call'
railties (5.2.3) lib/rails/engine.rb:524:in `call'
puma (3.12.1) lib/puma/configuration.rb:227:in `call'
puma (3.12.1) lib/puma/server.rb:660:in `handle_request'
puma (3.12.1) lib/puma/server.rb:474:in `process_client'
puma (3.12.1) lib/puma/server.rb:334:in `block in run'
puma (3.12.1) lib/puma/thread_pool.rb:135:in `block in spawn_thread'
Started GET "/animals/cat" for ::1 at 2019-07-11 20:37:01 +0900
Processing by AnimalsController#cat as HTML
  Rendering animals/cat.html.erb within layouts/application
  Rendered animals/cat.html.erb within layouts/application (0.4ms)
Completed 200 OK in 366ms (Views: 363.2ms | ActiveRecord: 0.0ms)


Started GET "/animals/" for ::1 at 2019-07-11 20:42:52 +0900
  
NoMethodError (undefined method `gret' for #<ActionDispatch::Routing::Mapper:0x00007fb7b01ac8f8>
Did you mean?  get):
  
config/routes.rb:7:in `block in <main>'
config/routes.rb:1:in `<main>'
Started GET "/animals/" for ::1 at 2019-07-11 20:43:05 +0900
  
NoMethodError (undefined method `gret' for #<ActionDispatch::Routing::Mapper:0x00007fb7b063cd28>
Did you mean?  get):
  
config/routes.rb:7:in `block in <main>'
config/routes.rb:1:in `<main>'
Started GET "/animals/index" for ::1 at 2019-07-11 20:44:02 +0900
  
NoMethodError (undefined method `gret' for #<ActionDispatch::Routing::Mapper:0x00007fb7b1ecab60>
Did you mean?  get):
  
config/routes.rb:7:in `block in <main>'
config/routes.rb:1:in `<main>'
Started GET "/animals/index" for ::1 at 2019-07-11 20:44:17 +0900
Processing by AnimalsController#index as HTML
  Rendering animals/index.html.erb within layouts/application
  Rendered animals/index.html.erb within layouts/application (0.4ms)
Completed 200 OK in 36ms (Views: 33.4ms | ActiveRecord: 0.0ms)


Started GET "/animals/cat" for ::1 at 2019-07-11 20:44:21 +0900
Processing by AnimalsController#cat as HTML
  Rendering animals/cat.html.erb within layouts/application
  Rendered animals/cat.html.erb within layouts/application (0.4ms)
Completed 200 OK in 26ms (Views: 23.1ms | ActiveRecord: 0.0ms)


Started GET "/animals/dog" for ::1 at 2019-07-11 20:44:22 +0900
Processing by AnimalsController#dog as HTML
  Rendering animals/dog.html.erb within layouts/application
  Rendered animals/dog.html.erb within layouts/application (0.6ms)
Completed 200 OK in 25ms (Views: 20.8ms | ActiveRecord: 0.0ms)


Started GET "/" for ::1 at 2019-07-11 20:45:40 +0900
Processing by HomeController#index as HTML
  Rendering html template
  Rendered html template (0.0ms)
Completed 200 OK in 1ms (Views: 0.6ms | ActiveRecord: 0.0ms)


Started GET "/animals/index" for ::1 at 2019-07-11 20:45:47 +0900
Processing by AnimalsController#index as HTML
  Rendering animals/index.html.erb within layouts/application
  Rendered animals/index.html.erb within layouts/application (0.4ms)
Completed 200 OK in 22ms (Views: 19.9ms | ActiveRecord: 0.0ms)


Started GET "/animals/" for ::1 at 2019-07-11 20:46:31 +0900
Processing by AnimalsController#index as HTML
  Rendering animals/index.html.erb within layouts/application
  Rendered animals/index.html.erb within layouts/application (0.5ms)
Completed 200 OK in 20ms (Views: 17.8ms | ActiveRecord: 0.0ms)


Started GET "/animals/index" for ::1 at 2019-07-11 20:46:36 +0900
  
ActionController::RoutingError (No route matches [GET] "/animals/index"):
  
actionpack (5.2.3) lib/action_dispatch/middleware/debug_exceptions.rb:65:in `call'
web-console (3.7.0) lib/web_console/middleware.rb:135:in `call_app'
web-console (3.7.0) lib/web_console/middleware.rb:30:in `block in call'
web-console (3.7.0) lib/web_console/middleware.rb:20:in `catch'
web-console (3.7.0) lib/web_console/middleware.rb:20:in `call'
actionpack (5.2.3) lib/action_dispatch/middleware/show_exceptions.rb:33:in `call'
railties (5.2.3) lib/rails/rack/logger.rb:38:in `call_app'
railties (5.2.3) lib/rails/rack/logger.rb:26:in `block in call'
activesupport (5.2.3) lib/active_support/tagged_logging.rb:71:in `block in tagged'
activesupport (5.2.3) lib/active_support/tagged_logging.rb:28:in `tagged'
activesupport (5.2.3) lib/active_support/tagged_logging.rb:71:in `tagged'
railties (5.2.3) lib/rails/rack/logger.rb:26:in `call'
sprockets-rails (3.2.1) lib/sprockets/rails/quiet_assets.rb:13:in `call'
actionpack (5.2.3) lib/action_dispatch/middleware/remote_ip.rb:81:in `call'
actionpack (5.2.3) lib/action_dispatch/middleware/request_id.rb:27:in `call'
rack (2.0.7) lib/rack/method_override.rb:22:in `call'
rack (2.0.7) lib/rack/runtime.rb:22:in `call'
activesupport (5.2.3) lib/active_support/cache/strategy/local_cache_middleware.rb:29:in `call'
actionpack (5.2.3) lib/action_dispatch/middleware/executor.rb:14:in `call'
actionpack (5.2.3) lib/action_dispatch/middleware/static.rb:127:in `call'
rack (2.0.7) lib/rack/sendfile.rb:111:in `call'
railties (5.2.3) lib/rails/engine.rb:524:in `call'
puma (3.12.1) lib/puma/configuration.rb:227:in `call'
puma (3.12.1) lib/puma/server.rb:660:in `handle_request'
puma (3.12.1) lib/puma/server.rb:474:in `process_client'
puma (3.12.1) lib/puma/server.rb:334:in `block in run'
puma (3.12.1) lib/puma/thread_pool.rb:135:in `block in spawn_thread'
Started GET "/music/music_1" for ::1 at 2019-07-11 21:19:31 +0900
  
ActionController::RoutingError (No route matches [GET] "/music/music_1"):
  
actionpack (5.2.3) lib/action_dispatch/middleware/debug_exceptions.rb:65:in `call'
web-console (3.7.0) lib/web_console/middleware.rb:135:in `call_app'
web-console (3.7.0) lib/web_console/middleware.rb:30:in `block in call'
web-console (3.7.0) lib/web_console/middleware.rb:20:in `catch'
web-console (3.7.0) lib/web_console/middleware.rb:20:in `call'
actionpack (5.2.3) lib/action_dispatch/middleware/show_exceptions.rb:33:in `call'
railties (5.2.3) lib/rails/rack/logger.rb:38:in `call_app'
railties (5.2.3) lib/rails/rack/logger.rb:26:in `block in call'
activesupport (5.2.3) lib/active_support/tagged_logging.rb:71:in `block in tagged'
activesupport (5.2.3) lib/active_support/tagged_logging.rb:28:in `tagged'
activesupport (5.2.3) lib/active_support/tagged_logging.rb:71:in `tagged'
railties (5.2.3) lib/rails/rack/logger.rb:26:in `call'
sprockets-rails (3.2.1) lib/sprockets/rails/quiet_assets.rb:13:in `call'
actionpack (5.2.3) lib/action_dispatch/middleware/remote_ip.rb:81:in `call'
actionpack (5.2.3) lib/action_dispatch/middleware/request_id.rb:27:in `call'
rack (2.0.7) lib/rack/method_override.rb:22:in `call'
rack (2.0.7) lib/rack/runtime.rb:22:in `call'
activesupport (5.2.3) lib/active_support/cache/strategy/local_cache_middleware.rb:29:in `call'
actionpack (5.2.3) lib/action_dispatch/middleware/executor.rb:14:in `call'
actionpack (5.2.3) lib/action_dispatch/middleware/static.rb:127:in `call'
rack (2.0.7) lib/rack/sendfile.rb:111:in `call'
railties (5.2.3) lib/rails/engine.rb:524:in `call'
puma (3.12.1) lib/puma/configuration.rb:227:in `call'
puma (3.12.1) lib/puma/server.rb:660:in `handle_request'
puma (3.12.1) lib/puma/server.rb:474:in `process_client'
puma (3.12.1) lib/puma/server.rb:334:in `block in run'
puma (3.12.1) lib/puma/thread_pool.rb:135:in `block in spawn_thread'
Started GET "/musics/music_1" for ::1 at 2019-07-11 21:19:37 +0900
  
ActionController::RoutingError (No route matches [GET] "/musics/music_1"):
  
actionpack (5.2.3) lib/action_dispatch/middleware/debug_exceptions.rb:65:in `call'
web-console (3.7.0) lib/web_console/middleware.rb:135:in `call_app'
web-console (3.7.0) lib/web_console/middleware.rb:30:in `block in call'
web-console (3.7.0) lib/web_console/middleware.rb:20:in `catch'
web-console (3.7.0) lib/web_console/middleware.rb:20:in `call'
actionpack (5.2.3) lib/action_dispatch/middleware/show_exceptions.rb:33:in `call'
railties (5.2.3) lib/rails/rack/logger.rb:38:in `call_app'
railties (5.2.3) lib/rails/rack/logger.rb:26:in `block in call'
activesupport (5.2.3) lib/active_support/tagged_logging.rb:71:in `block in tagged'
activesupport (5.2.3) lib/active_support/tagged_logging.rb:28:in `tagged'
activesupport (5.2.3) lib/active_support/tagged_logging.rb:71:in `tagged'
railties (5.2.3) lib/rails/rack/logger.rb:26:in `call'
sprockets-rails (3.2.1) lib/sprockets/rails/quiet_assets.rb:13:in `call'
actionpack (5.2.3) lib/action_dispatch/middleware/remote_ip.rb:81:in `call'
actionpack (5.2.3) lib/action_dispatch/middleware/request_id.rb:27:in `call'
rack (2.0.7) lib/rack/method_override.rb:22:in `call'
rack (2.0.7) lib/rack/runtime.rb:22:in `call'
activesupport (5.2.3) lib/active_support/cache/strategy/local_cache_middleware.rb:29:in `call'
actionpack (5.2.3) lib/action_dispatch/middleware/executor.rb:14:in `call'
actionpack (5.2.3) lib/action_dispatch/middleware/static.rb:127:in `call'
rack (2.0.7) lib/rack/sendfile.rb:111:in `call'
railties (5.2.3) lib/rails/engine.rb:524:in `call'
puma (3.12.1) lib/puma/configuration.rb:227:in `call'
puma (3.12.1) lib/puma/server.rb:660:in `handle_request'
puma (3.12.1) lib/puma/server.rb:474:in `process_client'
puma (3.12.1) lib/puma/server.rb:334:in `block in run'
puma (3.12.1) lib/puma/thread_pool.rb:135:in `block in spawn_thread'
Started GET "/musics/musics_1" for ::1 at 2019-07-11 21:19:43 +0900
  
ActionController::RoutingError (No route matches [GET] "/musics/musics_1"):
  
actionpack (5.2.3) lib/action_dispatch/middleware/debug_exceptions.rb:65:in `call'
web-console (3.7.0) lib/web_console/middleware.rb:135:in `call_app'
web-console (3.7.0) lib/web_console/middleware.rb:30:in `block in call'
web-console (3.7.0) lib/web_console/middleware.rb:20:in `catch'
web-console (3.7.0) lib/web_console/middleware.rb:20:in `call'
actionpack (5.2.3) lib/action_dispatch/middleware/show_exceptions.rb:33:in `call'
railties (5.2.3) lib/rails/rack/logger.rb:38:in `call_app'
railties (5.2.3) lib/rails/rack/logger.rb:26:in `block in call'
activesupport (5.2.3) lib/active_support/tagged_logging.rb:71:in `block in tagged'
activesupport (5.2.3) lib/active_support/tagged_logging.rb:28:in `tagged'
activesupport (5.2.3) lib/active_support/tagged_logging.rb:71:in `tagged'
railties (5.2.3) lib/rails/rack/logger.rb:26:in `call'
sprockets-rails (3.2.1) lib/sprockets/rails/quiet_assets.rb:13:in `call'
actionpack (5.2.3) lib/action_dispatch/middleware/remote_ip.rb:81:in `call'
actionpack (5.2.3) lib/action_dispatch/middleware/request_id.rb:27:in `call'
rack (2.0.7) lib/rack/method_override.rb:22:in `call'
rack (2.0.7) lib/rack/runtime.rb:22:in `call'
activesupport (5.2.3) lib/active_support/cache/strategy/local_cache_middleware.rb:29:in `call'
actionpack (5.2.3) lib/action_dispatch/middleware/executor.rb:14:in `call'
actionpack (5.2.3) lib/action_dispatch/middleware/static.rb:127:in `call'
rack (2.0.7) lib/rack/sendfile.rb:111:in `call'
railties (5.2.3) lib/rails/engine.rb:524:in `call'
puma (3.12.1) lib/puma/configuration.rb:227:in `call'
puma (3.12.1) lib/puma/server.rb:660:in `handle_request'
puma (3.12.1) lib/puma/server.rb:474:in `process_client'
puma (3.12.1) lib/puma/server.rb:334:in `block in run'
puma (3.12.1) lib/puma/thread_pool.rb:135:in `block in spawn_thread'
Started GET "/musics/1" for ::1 at 2019-07-11 21:19:50 +0900
Processing by MusicsController#music_1 as HTML
  Rendering musics/music_1.html.erb within layouts/application
  Rendered musics/music_1.html.erb within layouts/application (0.5ms)
Completed 200 OK in 273ms (Views: 269.6ms | ActiveRecord: 0.0ms)


Started GET "/musics/1" for ::1 at 2019-07-11 21:20:58 +0900
Processing by MusicsController#music_1 as HTML
  Rendering musics/music_1.html.erb within layouts/application
  Rendered musics/music_1.html.erb within layouts/application (0.3ms)
Completed 200 OK in 17ms (Views: 15.3ms | ActiveRecord: 0.0ms)


Started GET "/musics/2" for ::1 at 2019-07-11 21:23:15 +0900
Processing by MusicsController#music_2 as HTML
  Rendering musics/music_2.html.erb within layouts/application
  Rendered musics/music_2.html.erb within layouts/application (0.3ms)
Completed 200 OK in 19ms (Views: 17.0ms | ActiveRecord: 0.0ms)


Started GET "/musics/3" for ::1 at 2019-07-11 21:25:37 +0900
Processing by MusicsController#music_3 as HTML
  Rendering musics/music_3.html.erb within layouts/application
  Rendered musics/music_3.html.erb within layouts/application (0.7ms)
Completed 200 OK in 36ms (Views: 34.4ms | ActiveRecord: 0.0ms)


Started GET "/musics/index" for ::1 at 2019-07-11 21:27:59 +0900
  
ActionController::RoutingError (No route matches [GET] "/musics/index"):
  
actionpack (5.2.3) lib/action_dispatch/middleware/debug_exceptions.rb:65:in `call'
web-console (3.7.0) lib/web_console/middleware.rb:135:in `call_app'
web-console (3.7.0) lib/web_console/middleware.rb:30:in `block in call'
web-console (3.7.0) lib/web_console/middleware.rb:20:in `catch'
web-console (3.7.0) lib/web_console/middleware.rb:20:in `call'
actionpack (5.2.3) lib/action_dispatch/middleware/show_exceptions.rb:33:in `call'
railties (5.2.3) lib/rails/rack/logger.rb:38:in `call_app'
railties (5.2.3) lib/rails/rack/logger.rb:26:in `block in call'
activesupport (5.2.3) lib/active_support/tagged_logging.rb:71:in `block in tagged'
activesupport (5.2.3) lib/active_support/tagged_logging.rb:28:in `tagged'
activesupport (5.2.3) lib/active_support/tagged_logging.rb:71:in `tagged'
railties (5.2.3) lib/rails/rack/logger.rb:26:in `call'
sprockets-rails (3.2.1) lib/sprockets/rails/quiet_assets.rb:13:in `call'
actionpack (5.2.3) lib/action_dispatch/middleware/remote_ip.rb:81:in `call'
actionpack (5.2.3) lib/action_dispatch/middleware/request_id.rb:27:in `call'
rack (2.0.7) lib/rack/method_override.rb:22:in `call'
rack (2.0.7) lib/rack/runtime.rb:22:in `call'
activesupport (5.2.3) lib/active_support/cache/strategy/local_cache_middleware.rb:29:in `call'
actionpack (5.2.3) lib/action_dispatch/middleware/executor.rb:14:in `call'
actionpack (5.2.3) lib/action_dispatch/middleware/static.rb:127:in `call'
rack (2.0.7) lib/rack/sendfile.rb:111:in `call'
railties (5.2.3) lib/rails/engine.rb:524:in `call'
puma (3.12.1) lib/puma/configuration.rb:227:in `call'
puma (3.12.1) lib/puma/server.rb:660:in `handle_request'
puma (3.12.1) lib/puma/server.rb:474:in `process_client'
puma (3.12.1) lib/puma/server.rb:334:in `block in run'
puma (3.12.1) lib/puma/thread_pool.rb:135:in `block in spawn_thread'
Started GET "/musics" for ::1 at 2019-07-11 21:28:25 +0900
Processing by MusicsController#index as HTML
  Rendering musics/index.html.erb within layouts/application
  Rendered musics/index.html.erb within layouts/application (0.4ms)
Completed 200 OK in 37ms (Views: 35.4ms | ActiveRecord: 0.0ms)


Started GET "/music/1" for ::1 at 2019-07-11 21:28:28 +0900
  
ActionController::RoutingError (No route matches [GET] "/music/1"):
  
actionpack (5.2.3) lib/action_dispatch/middleware/debug_exceptions.rb:65:in `call'
web-console (3.7.0) lib/web_console/middleware.rb:135:in `call_app'
web-console (3.7.0) lib/web_console/middleware.rb:30:in `block in call'
web-console (3.7.0) lib/web_console/middleware.rb:20:in `catch'
web-console (3.7.0) lib/web_console/middleware.rb:20:in `call'
actionpack (5.2.3) lib/action_dispatch/middleware/show_exceptions.rb:33:in `call'
railties (5.2.3) lib/rails/rack/logger.rb:38:in `call_app'
railties (5.2.3) lib/rails/rack/logger.rb:26:in `block in call'
activesupport (5.2.3) lib/active_support/tagged_logging.rb:71:in `block in tagged'
activesupport (5.2.3) lib/active_support/tagged_logging.rb:28:in `tagged'
activesupport (5.2.3) lib/active_support/tagged_logging.rb:71:in `tagged'
railties (5.2.3) lib/rails/rack/logger.rb:26:in `call'
sprockets-rails (3.2.1) lib/sprockets/rails/quiet_assets.rb:13:in `call'
actionpack (5.2.3) lib/action_dispatch/middleware/remote_ip.rb:81:in `call'
actionpack (5.2.3) lib/action_dispatch/middleware/request_id.rb:27:in `call'
rack (2.0.7) lib/rack/method_override.rb:22:in `call'
rack (2.0.7) lib/rack/runtime.rb:22:in `call'
activesupport (5.2.3) lib/active_support/cache/strategy/local_cache_middleware.rb:29:in `call'
actionpack (5.2.3) lib/action_dispatch/middleware/executor.rb:14:in `call'
actionpack (5.2.3) lib/action_dispatch/middleware/static.rb:127:in `call'
rack (2.0.7) lib/rack/sendfile.rb:111:in `call'
railties (5.2.3) lib/rails/engine.rb:524:in `call'
puma (3.12.1) lib/puma/configuration.rb:227:in `call'
puma (3.12.1) lib/puma/server.rb:660:in `handle_request'
puma (3.12.1) lib/puma/server.rb:474:in `process_client'
puma (3.12.1) lib/puma/server.rb:334:in `block in run'
puma (3.12.1) lib/puma/thread_pool.rb:135:in `block in spawn_thread'
Started GET "/musics" for ::1 at 2019-07-11 21:28:31 +0900
Processing by MusicsController#index as HTML
  Rendering musics/index.html.erb within layouts/application
  Rendered musics/index.html.erb within layouts/application (0.3ms)
Completed 200 OK in 25ms (Views: 23.2ms | ActiveRecord: 0.0ms)


Started GET "/music/1" for ::1 at 2019-07-11 21:28:43 +0900
  
ActionController::RoutingError (No route matches [GET] "/music/1"):
  
actionpack (5.2.3) lib/action_dispatch/middleware/debug_exceptions.rb:65:in `call'
web-console (3.7.0) lib/web_console/middleware.rb:135:in `call_app'
web-console (3.7.0) lib/web_console/middleware.rb:30:in `block in call'
web-console (3.7.0) lib/web_console/middleware.rb:20:in `catch'
web-console (3.7.0) lib/web_console/middleware.rb:20:in `call'
actionpack (5.2.3) lib/action_dispatch/middleware/show_exceptions.rb:33:in `call'
railties (5.2.3) lib/rails/rack/logger.rb:38:in `call_app'
railties (5.2.3) lib/rails/rack/logger.rb:26:in `block in call'
activesupport (5.2.3) lib/active_support/tagged_logging.rb:71:in `block in tagged'
activesupport (5.2.3) lib/active_support/tagged_logging.rb:28:in `tagged'
activesupport (5.2.3) lib/active_support/tagged_logging.rb:71:in `tagged'
railties (5.2.3) lib/rails/rack/logger.rb:26:in `call'
sprockets-rails (3.2.1) lib/sprockets/rails/quiet_assets.rb:13:in `call'
actionpack (5.2.3) lib/action_dispatch/middleware/remote_ip.rb:81:in `call'
actionpack (5.2.3) lib/action_dispatch/middleware/request_id.rb:27:in `call'
rack (2.0.7) lib/rack/method_override.rb:22:in `call'
rack (2.0.7) lib/rack/runtime.rb:22:in `call'
activesupport (5.2.3) lib/active_support/cache/strategy/local_cache_middleware.rb:29:in `call'
actionpack (5.2.3) lib/action_dispatch/middleware/executor.rb:14:in `call'
actionpack (5.2.3) lib/action_dispatch/middleware/static.rb:127:in `call'
rack (2.0.7) lib/rack/sendfile.rb:111:in `call'
railties (5.2.3) lib/rails/engine.rb:524:in `call'
puma (3.12.1) lib/puma/configuration.rb:227:in `call'
puma (3.12.1) lib/puma/server.rb:660:in `handle_request'
puma (3.12.1) lib/puma/server.rb:474:in `process_client'
puma (3.12.1) lib/puma/server.rb:334:in `block in run'
puma (3.12.1) lib/puma/thread_pool.rb:135:in `block in spawn_thread'
Started GET "/music/1" for ::1 at 2019-07-11 21:29:05 +0900
  
ActionController::RoutingError (No route matches [GET] "/music/1"):
  
actionpack (5.2.3) lib/action_dispatch/middleware/debug_exceptions.rb:65:in `call'
web-console (3.7.0) lib/web_console/middleware.rb:135:in `call_app'
web-console (3.7.0) lib/web_console/middleware.rb:30:in `block in call'
web-console (3.7.0) lib/web_console/middleware.rb:20:in `catch'
web-console (3.7.0) lib/web_console/middleware.rb:20:in `call'
actionpack (5.2.3) lib/action_dispatch/middleware/show_exceptions.rb:33:in `call'
railties (5.2.3) lib/rails/rack/logger.rb:38:in `call_app'
railties (5.2.3) lib/rails/rack/logger.rb:26:in `block in call'
activesupport (5.2.3) lib/active_support/tagged_logging.rb:71:in `block in tagged'
activesupport (5.2.3) lib/active_support/tagged_logging.rb:28:in `tagged'
activesupport (5.2.3) lib/active_support/tagged_logging.rb:71:in `tagged'
railties (5.2.3) lib/rails/rack/logger.rb:26:in `call'
sprockets-rails (3.2.1) lib/sprockets/rails/quiet_assets.rb:13:in `call'
actionpack (5.2.3) lib/action_dispatch/middleware/remote_ip.rb:81:in `call'
actionpack (5.2.3) lib/action_dispatch/middleware/request_id.rb:27:in `call'
rack (2.0.7) lib/rack/method_override.rb:22:in `call'
rack (2.0.7) lib/rack/runtime.rb:22:in `call'
activesupport (5.2.3) lib/active_support/cache/strategy/local_cache_middleware.rb:29:in `call'
actionpack (5.2.3) lib/action_dispatch/middleware/executor.rb:14:in `call'
actionpack (5.2.3) lib/action_dispatch/middleware/static.rb:127:in `call'
rack (2.0.7) lib/rack/sendfile.rb:111:in `call'
railties (5.2.3) lib/rails/engine.rb:524:in `call'
puma (3.12.1) lib/puma/configuration.rb:227:in `call'
puma (3.12.1) lib/puma/server.rb:660:in `handle_request'
puma (3.12.1) lib/puma/server.rb:474:in `process_client'
puma (3.12.1) lib/puma/server.rb:334:in `block in run'
puma (3.12.1) lib/puma/thread_pool.rb:135:in `block in spawn_thread'
Started GET "/music/" for ::1 at 2019-07-11 21:29:07 +0900
  
ActionController::RoutingError (No route matches [GET] "/music"):
  
actionpack (5.2.3) lib/action_dispatch/middleware/debug_exceptions.rb:65:in `call'
web-console (3.7.0) lib/web_console/middleware.rb:135:in `call_app'
web-console (3.7.0) lib/web_console/middleware.rb:30:in `block in call'
web-console (3.7.0) lib/web_console/middleware.rb:20:in `catch'
web-console (3.7.0) lib/web_console/middleware.rb:20:in `call'
actionpack (5.2.3) lib/action_dispatch/middleware/show_exceptions.rb:33:in `call'
railties (5.2.3) lib/rails/rack/logger.rb:38:in `call_app'
railties (5.2.3) lib/rails/rack/logger.rb:26:in `block in call'
activesupport (5.2.3) lib/active_support/tagged_logging.rb:71:in `block in tagged'
activesupport (5.2.3) lib/active_support/tagged_logging.rb:28:in `tagged'
activesupport (5.2.3) lib/active_support/tagged_logging.rb:71:in `tagged'
railties (5.2.3) lib/rails/rack/logger.rb:26:in `call'
sprockets-rails (3.2.1) lib/sprockets/rails/quiet_assets.rb:13:in `call'
actionpack (5.2.3) lib/action_dispatch/middleware/remote_ip.rb:81:in `call'
actionpack (5.2.3) lib/action_dispatch/middleware/request_id.rb:27:in `call'
rack (2.0.7) lib/rack/method_override.rb:22:in `call'
rack (2.0.7) lib/rack/runtime.rb:22:in `call'
activesupport (5.2.3) lib/active_support/cache/strategy/local_cache_middleware.rb:29:in `call'
actionpack (5.2.3) lib/action_dispatch/middleware/executor.rb:14:in `call'
actionpack (5.2.3) lib/action_dispatch/middleware/static.rb:127:in `call'
rack (2.0.7) lib/rack/sendfile.rb:111:in `call'
railties (5.2.3) lib/rails/engine.rb:524:in `call'
puma (3.12.1) lib/puma/configuration.rb:227:in `call'
puma (3.12.1) lib/puma/server.rb:660:in `handle_request'
puma (3.12.1) lib/puma/server.rb:474:in `process_client'
puma (3.12.1) lib/puma/server.rb:334:in `block in run'
puma (3.12.1) lib/puma/thread_pool.rb:135:in `block in spawn_thread'
Started GET "/music/" for ::1 at 2019-07-11 21:29:21 +0900
  
ActionController::RoutingError (No route matches [GET] "/music"):
  
actionpack (5.2.3) lib/action_dispatch/middleware/debug_exceptions.rb:65:in `call'
web-console (3.7.0) lib/web_console/middleware.rb:135:in `call_app'
web-console (3.7.0) lib/web_console/middleware.rb:30:in `block in call'
web-console (3.7.0) lib/web_console/middleware.rb:20:in `catch'
web-console (3.7.0) lib/web_console/middleware.rb:20:in `call'
actionpack (5.2.3) lib/action_dispatch/middleware/show_exceptions.rb:33:in `call'
railties (5.2.3) lib/rails/rack/logger.rb:38:in `call_app'
railties (5.2.3) lib/rails/rack/logger.rb:26:in `block in call'
activesupport (5.2.3) lib/active_support/tagged_logging.rb:71:in `block in tagged'
activesupport (5.2.3) lib/active_support/tagged_logging.rb:28:in `tagged'
activesupport (5.2.3) lib/active_support/tagged_logging.rb:71:in `tagged'
railties (5.2.3) lib/rails/rack/logger.rb:26:in `call'
sprockets-rails (3.2.1) lib/sprockets/rails/quiet_assets.rb:13:in `call'
actionpack (5.2.3) lib/action_dispatch/middleware/remote_ip.rb:81:in `call'
actionpack (5.2.3) lib/action_dispatch/middleware/request_id.rb:27:in `call'
rack (2.0.7) lib/rack/method_override.rb:22:in `call'
rack (2.0.7) lib/rack/runtime.rb:22:in `call'
activesupport (5.2.3) lib/active_support/cache/strategy/local_cache_middleware.rb:29:in `call'
actionpack (5.2.3) lib/action_dispatch/middleware/executor.rb:14:in `call'
actionpack (5.2.3) lib/action_dispatch/middleware/static.rb:127:in `call'
rack (2.0.7) lib/rack/sendfile.rb:111:in `call'
railties (5.2.3) lib/rails/engine.rb:524:in `call'
puma (3.12.1) lib/puma/configuration.rb:227:in `call'
puma (3.12.1) lib/puma/server.rb:660:in `handle_request'
puma (3.12.1) lib/puma/server.rb:474:in `process_client'
puma (3.12.1) lib/puma/server.rb:334:in `block in run'
puma (3.12.1) lib/puma/thread_pool.rb:135:in `block in spawn_thread'
Started GET "/musics/" for ::1 at 2019-07-11 21:29:25 +0900
Processing by MusicsController#index as HTML
  Rendering musics/index.html.erb within layouts/application
  Rendered musics/index.html.erb within layouts/application (0.3ms)
Completed 200 OK in 24ms (Views: 21.6ms | ActiveRecord: 0.0ms)


Started GET "/musics/1" for ::1 at 2019-07-11 21:29:26 +0900
Processing by MusicsController#music_1 as HTML
  Rendering musics/music_1.html.erb within layouts/application
  Rendered musics/music_1.html.erb within layouts/application (0.5ms)
Completed 200 OK in 24ms (Views: 21.4ms | ActiveRecord: 0.0ms)


Started GET "/" for ::1 at 2019-07-11 21:35:54 +0900
Processing by HomeController#index as HTML
  Rendering html template
  Rendered html template (0.0ms)
Completed 200 OK in 2ms (Views: 1.4ms | ActiveRecord: 0.0ms)


Started GET "/animals/" for ::1 at 2019-07-11 21:35:58 +0900
Processing by AnimalsController#index as HTML
  Rendering animals/index.html.erb within layouts/application
  Rendered animals/index.html.erb within layouts/application (0.3ms)
Completed 200 OK in 72ms (Views: 68.7ms | ActiveRecord: 0.0ms)


Started GET "/animals/cat" for ::1 at 2019-07-11 21:36:00 +0900
Processing by AnimalsController#cat as HTML
  Rendering animals/cat.html.erb within layouts/application
  Rendered animals/cat.html.erb within layouts/application (0.4ms)
Completed 200 OK in 29ms (Views: 25.4ms | ActiveRecord: 0.0ms)


Started GET "/utilities" for ::1 at 2019-07-11 21:38:55 +0900
  
LoadError (cannot load such file -- /Users/kimsungmin/Desktop/ruby_project/config/routes.rb):
  
bootsnap (1.4.4) lib/bootsnap/load_path_cache/core_ext/kernel_require.rb:54:in `load'
bootsnap (1.4.4) lib/bootsnap/load_path_cache/core_ext/kernel_require.rb:54:in `load'
activesupport (5.2.3) lib/active_support/dependencies.rb:285:in `block in load'
activesupport (5.2.3) lib/active_support/dependencies.rb:257:in `load_dependency'
activesupport (5.2.3) lib/active_support/dependencies.rb:285:in `load'
railties (5.2.3) lib/rails/application/routes_reloader.rb:41:in `block in load_paths'
railties (5.2.3) lib/rails/application/routes_reloader.rb:41:in `each'
railties (5.2.3) lib/rails/application/routes_reloader.rb:41:in `load_paths'
railties (5.2.3) lib/rails/application/routes_reloader.rb:20:in `reload!'
railties (5.2.3) lib/rails/application/routes_reloader.rb:30:in `block in updater'
activesupport (5.2.3) lib/active_support/file_update_checker.rb:83:in `execute'
railties (5.2.3) lib/rails/application/routes_reloader.rb:10:in `execute'
railties (5.2.3) lib/rails/application/finisher.rb:143:in `block (2 levels) in <module:Finisher>'
activesupport (5.2.3) lib/active_support/callbacks.rb:426:in `instance_exec'
activesupport (5.2.3) lib/active_support/callbacks.rb:426:in `block in make_lambda'
activesupport (5.2.3) lib/active_support/callbacks.rb:198:in `block (2 levels) in halting'
activesupport (5.2.3) lib/active_support/callbacks.rb:606:in `block (2 levels) in default_terminator'
activesupport (5.2.3) lib/active_support/callbacks.rb:605:in `catch'
activesupport (5.2.3) lib/active_support/callbacks.rb:605:in `block in default_terminator'
activesupport (5.2.3) lib/active_support/callbacks.rb:199:in `block in halting'
activesupport (5.2.3) lib/active_support/callbacks.rb:513:in `block in invoke_before'
activesupport (5.2.3) lib/active_support/callbacks.rb:513:in `each'
activesupport (5.2.3) lib/active_support/callbacks.rb:513:in `invoke_before'
activesupport (5.2.3) lib/active_support/callbacks.rb:131:in `run_callbacks'
activesupport (5.2.3) lib/active_support/execution_wrapper.rb:110:in `run!'
activesupport (5.2.3) lib/active_support/reloader.rb:115:in `run!'
activesupport (5.2.3) lib/active_support/execution_wrapper.rb:72:in `block in run!'
activesupport (5.2.3) lib/active_support/execution_wrapper.rb:69:in `tap'
activesupport (5.2.3) lib/active_support/execution_wrapper.rb:69:in `run!'
activesupport (5.2.3) lib/active_support/reloader.rb:64:in `run!'
actionpack (5.2.3) lib/action_dispatch/middleware/executor.rb:12:in `call'
actionpack (5.2.3) lib/action_dispatch/middleware/debug_exceptions.rb:61:in `call'
web-console (3.7.0) lib/web_console/middleware.rb:135:in `call_app'
web-console (3.7.0) lib/web_console/middleware.rb:30:in `block in call'
web-console (3.7.0) lib/web_console/middleware.rb:20:in `catch'
web-console (3.7.0) lib/web_console/middleware.rb:20:in `call'
actionpack (5.2.3) lib/action_dispatch/middleware/show_exceptions.rb:33:in `call'
railties (5.2.3) lib/rails/rack/logger.rb:38:in `call_app'
railties (5.2.3) lib/rails/rack/logger.rb:26:in `block in call'
activesupport (5.2.3) lib/active_support/tagged_logging.rb:71:in `block in tagged'
activesupport (5.2.3) lib/active_support/tagged_logging.rb:28:in `tagged'
activesupport (5.2.3) lib/active_support/tagged_logging.rb:71:in `tagged'
railties (5.2.3) lib/rails/rack/logger.rb:26:in `call'
sprockets-rails (3.2.1) lib/sprockets/rails/quiet_assets.rb:13:in `call'
actionpack (5.2.3) lib/action_dispatch/middleware/remote_ip.rb:81:in `call'
actionpack (5.2.3) lib/action_dispatch/middleware/request_id.rb:27:in `call'
rack (2.0.7) lib/rack/method_override.rb:22:in `call'
rack (2.0.7) lib/rack/runtime.rb:22:in `call'
activesupport (5.2.3) lib/active_support/cache/strategy/local_cache_middleware.rb:29:in `call'
actionpack (5.2.3) lib/action_dispatch/middleware/executor.rb:14:in `call'
actionpack (5.2.3) lib/action_dispatch/middleware/static.rb:127:in `call'
rack (2.0.7) lib/rack/sendfile.rb:111:in `call'
railties (5.2.3) lib/rails/engine.rb:524:in `call'
puma (3.12.1) lib/puma/configuration.rb:227:in `call'
puma (3.12.1) lib/puma/server.rb:660:in `handle_request'
puma (3.12.1) lib/puma/server.rb:474:in `process_client'
puma (3.12.1) lib/puma/server.rb:334:in `block in run'
puma (3.12.1) lib/puma/thread_pool.rb:135:in `block in spawn_thread'
Started GET "/get%20'musics'%20=%3E%20'musics" for ::1 at 2019-07-11 21:39:18 +0900
  
ActionController::RoutingError (No route matches [GET] "/get%20'musics'%20=%3E%20'musics"):
  
actionpack (5.2.3) lib/action_dispatch/middleware/debug_exceptions.rb:65:in `call'
web-console (3.7.0) lib/web_console/middleware.rb:135:in `call_app'
web-console (3.7.0) lib/web_console/middleware.rb:30:in `block in call'
web-console (3.7.0) lib/web_console/middleware.rb:20:in `catch'
web-console (3.7.0) lib/web_console/middleware.rb:20:in `call'
actionpack (5.2.3) lib/action_dispatch/middleware/show_exceptions.rb:33:in `call'
railties (5.2.3) lib/rails/rack/logger.rb:38:in `call_app'
railties (5.2.3) lib/rails/rack/logger.rb:26:in `block in call'
activesupport (5.2.3) lib/active_support/tagged_logging.rb:71:in `block in tagged'
activesupport (5.2.3) lib/active_support/tagged_logging.rb:28:in `tagged'
activesupport (5.2.3) lib/active_support/tagged_logging.rb:71:in `tagged'
railties (5.2.3) lib/rails/rack/logger.rb:26:in `call'
sprockets-rails (3.2.1) lib/sprockets/rails/quiet_assets.rb:13:in `call'
actionpack (5.2.3) lib/action_dispatch/middleware/remote_ip.rb:81:in `call'
actionpack (5.2.3) lib/action_dispatch/middleware/request_id.rb:27:in `call'
rack (2.0.7) lib/rack/method_override.rb:22:in `call'
rack (2.0.7) lib/rack/runtime.rb:22:in `call'
activesupport (5.2.3) lib/active_support/cache/strategy/local_cache_middleware.rb:29:in `call'
actionpack (5.2.3) lib/action_dispatch/middleware/executor.rb:14:in `call'
actionpack (5.2.3) lib/action_dispatch/middleware/static.rb:127:in `call'
rack (2.0.7) lib/rack/sendfile.rb:111:in `call'
railties (5.2.3) lib/rails/engine.rb:524:in `call'
puma (3.12.1) lib/puma/configuration.rb:227:in `call'
puma (3.12.1) lib/puma/server.rb:660:in `handle_request'
puma (3.12.1) lib/puma/server.rb:474:in `process_client'
puma (3.12.1) lib/puma/server.rb:334:in `block in run'
puma (3.12.1) lib/puma/thread_pool.rb:135:in `block in spawn_thread'
Started GET "/utilities/pick_luckwy_nobers" for ::1 at 2019-07-11 21:39:39 +0900
  
ActionController::RoutingError (No route matches [GET] "/utilities/pick_luckwy_nobers"):
  
actionpack (5.2.3) lib/action_dispatch/middleware/debug_exceptions.rb:65:in `call'
web-console (3.7.0) lib/web_console/middleware.rb:135:in `call_app'
web-console (3.7.0) lib/web_console/middleware.rb:30:in `block in call'
web-console (3.7.0) lib/web_console/middleware.rb:20:in `catch'
web-console (3.7.0) lib/web_console/middleware.rb:20:in `call'
actionpack (5.2.3) lib/action_dispatch/middleware/show_exceptions.rb:33:in `call'
railties (5.2.3) lib/rails/rack/logger.rb:38:in `call_app'
railties (5.2.3) lib/rails/rack/logger.rb:26:in `block in call'
activesupport (5.2.3) lib/active_support/tagged_logging.rb:71:in `block in tagged'
activesupport (5.2.3) lib/active_support/tagged_logging.rb:28:in `tagged'
activesupport (5.2.3) lib/active_support/tagged_logging.rb:71:in `tagged'
railties (5.2.3) lib/rails/rack/logger.rb:26:in `call'
sprockets-rails (3.2.1) lib/sprockets/rails/quiet_assets.rb:13:in `call'
actionpack (5.2.3) lib/action_dispatch/middleware/remote_ip.rb:81:in `call'
actionpack (5.2.3) lib/action_dispatch/middleware/request_id.rb:27:in `call'
rack (2.0.7) lib/rack/method_override.rb:22:in `call'
rack (2.0.7) lib/rack/runtime.rb:22:in `call'
activesupport (5.2.3) lib/active_support/cache/strategy/local_cache_middleware.rb:29:in `call'
actionpack (5.2.3) lib/action_dispatch/middleware/executor.rb:14:in `call'
actionpack (5.2.3) lib/action_dispatch/middleware/static.rb:127:in `call'
rack (2.0.7) lib/rack/sendfile.rb:111:in `call'
railties (5.2.3) lib/rails/engine.rb:524:in `call'
puma (3.12.1) lib/puma/configuration.rb:227:in `call'
puma (3.12.1) lib/puma/server.rb:660:in `handle_request'
puma (3.12.1) lib/puma/server.rb:474:in `process_client'
puma (3.12.1) lib/puma/server.rb:334:in `block in run'
puma (3.12.1) lib/puma/thread_pool.rb:135:in `block in spawn_thread'
Started GET "/utilities/pick_luckwy_nmbers" for ::1 at 2019-07-11 21:39:44 +0900
  
ActionController::RoutingError (No route matches [GET] "/utilities/pick_luckwy_nmbers"):
  
actionpack (5.2.3) lib/action_dispatch/middleware/debug_exceptions.rb:65:in `call'
web-console (3.7.0) lib/web_console/middleware.rb:135:in `call_app'
web-console (3.7.0) lib/web_console/middleware.rb:30:in `block in call'
web-console (3.7.0) lib/web_console/middleware.rb:20:in `catch'
web-console (3.7.0) lib/web_console/middleware.rb:20:in `call'
actionpack (5.2.3) lib/action_dispatch/middleware/show_exceptions.rb:33:in `call'
railties (5.2.3) lib/rails/rack/logger.rb:38:in `call_app'
railties (5.2.3) lib/rails/rack/logger.rb:26:in `block in call'
activesupport (5.2.3) lib/active_support/tagged_logging.rb:71:in `block in tagged'
activesupport (5.2.3) lib/active_support/tagged_logging.rb:28:in `tagged'
activesupport (5.2.3) lib/active_support/tagged_logging.rb:71:in `tagged'
railties (5.2.3) lib/rails/rack/logger.rb:26:in `call'
sprockets-rails (3.2.1) lib/sprockets/rails/quiet_assets.rb:13:in `call'
actionpack (5.2.3) lib/action_dispatch/middleware/remote_ip.rb:81:in `call'
actionpack (5.2.3) lib/action_dispatch/middleware/request_id.rb:27:in `call'
rack (2.0.7) lib/rack/method_override.rb:22:in `call'
rack (2.0.7) lib/rack/runtime.rb:22:in `call'
activesupport (5.2.3) lib/active_support/cache/strategy/local_cache_middleware.rb:29:in `call'
actionpack (5.2.3) lib/action_dispatch/middleware/executor.rb:14:in `call'
actionpack (5.2.3) lib/action_dispatch/middleware/static.rb:127:in `call'
rack (2.0.7) lib/rack/sendfile.rb:111:in `call'
railties (5.2.3) lib/rails/engine.rb:524:in `call'
puma (3.12.1) lib/puma/configuration.rb:227:in `call'
puma (3.12.1) lib/puma/server.rb:660:in `handle_request'
puma (3.12.1) lib/puma/server.rb:474:in `process_client'
puma (3.12.1) lib/puma/server.rb:334:in `block in run'
puma (3.12.1) lib/puma/thread_pool.rb:135:in `block in spawn_thread'
Started GET "/favicon.ico" for ::1 at 2019-07-11 21:39:45 +0900
  
ActionController::RoutingError (No route matches [GET] "/favicon.ico"):
  
actionpack (5.2.3) lib/action_dispatch/middleware/debug_exceptions.rb:65:in `call'
web-console (3.7.0) lib/web_console/middleware.rb:135:in `call_app'
web-console (3.7.0) lib/web_console/middleware.rb:30:in `block in call'
web-console (3.7.0) lib/web_console/middleware.rb:20:in `catch'
web-console (3.7.0) lib/web_console/middleware.rb:20:in `call'
actionpack (5.2.3) lib/action_dispatch/middleware/show_exceptions.rb:33:in `call'
railties (5.2.3) lib/rails/rack/logger.rb:38:in `call_app'
railties (5.2.3) lib/rails/rack/logger.rb:26:in `block in call'
activesupport (5.2.3) lib/active_support/tagged_logging.rb:71:in `block in tagged'
activesupport (5.2.3) lib/active_support/tagged_logging.rb:28:in `tagged'
activesupport (5.2.3) lib/active_support/tagged_logging.rb:71:in `tagged'
railties (5.2.3) lib/rails/rack/logger.rb:26:in `call'
sprockets-rails (3.2.1) lib/sprockets/rails/quiet_assets.rb:13:in `call'
actionpack (5.2.3) lib/action_dispatch/middleware/remote_ip.rb:81:in `call'
actionpack (5.2.3) lib/action_dispatch/middleware/request_id.rb:27:in `call'
rack (2.0.7) lib/rack/method_override.rb:22:in `call'
rack (2.0.7) lib/rack/runtime.rb:22:in `call'
activesupport (5.2.3) lib/active_support/cache/strategy/local_cache_middleware.rb:29:in `call'
actionpack (5.2.3) lib/action_dispatch/middleware/executor.rb:14:in `call'
actionpack (5.2.3) lib/action_dispatch/middleware/static.rb:127:in `call'
rack (2.0.7) lib/rack/sendfile.rb:111:in `call'
railties (5.2.3) lib/rails/engine.rb:524:in `call'
puma (3.12.1) lib/puma/configuration.rb:227:in `call'
puma (3.12.1) lib/puma/server.rb:660:in `handle_request'
puma (3.12.1) lib/puma/server.rb:474:in `process_client'
puma (3.12.1) lib/puma/server.rb:334:in `block in run'
puma (3.12.1) lib/puma/thread_pool.rb:135:in `block in spawn_thread'
Started GET "/utilities/pick_luckey_numbers" for ::1 at 2019-07-11 21:39:54 +0900
  
ActionController::RoutingError (No route matches [GET] "/utilities/pick_luckey_numbers"):
  
actionpack (5.2.3) lib/action_dispatch/middleware/debug_exceptions.rb:65:in `call'
web-console (3.7.0) lib/web_console/middleware.rb:135:in `call_app'
web-console (3.7.0) lib/web_console/middleware.rb:30:in `block in call'
web-console (3.7.0) lib/web_console/middleware.rb:20:in `catch'
web-console (3.7.0) lib/web_console/middleware.rb:20:in `call'
actionpack (5.2.3) lib/action_dispatch/middleware/show_exceptions.rb:33:in `call'
railties (5.2.3) lib/rails/rack/logger.rb:38:in `call_app'
railties (5.2.3) lib/rails/rack/logger.rb:26:in `block in call'
activesupport (5.2.3) lib/active_support/tagged_logging.rb:71:in `block in tagged'
activesupport (5.2.3) lib/active_support/tagged_logging.rb:28:in `tagged'
activesupport (5.2.3) lib/active_support/tagged_logging.rb:71:in `tagged'
railties (5.2.3) lib/rails/rack/logger.rb:26:in `call'
sprockets-rails (3.2.1) lib/sprockets/rails/quiet_assets.rb:13:in `call'
actionpack (5.2.3) lib/action_dispatch/middleware/remote_ip.rb:81:in `call'
actionpack (5.2.3) lib/action_dispatch/middleware/request_id.rb:27:in `call'
rack (2.0.7) lib/rack/method_override.rb:22:in `call'
rack (2.0.7) lib/rack/runtime.rb:22:in `call'
activesupport (5.2.3) lib/active_support/cache/strategy/local_cache_middleware.rb:29:in `call'
actionpack (5.2.3) lib/action_dispatch/middleware/executor.rb:14:in `call'
actionpack (5.2.3) lib/action_dispatch/middleware/static.rb:127:in `call'
rack (2.0.7) lib/rack/sendfile.rb:111:in `call'
railties (5.2.3) lib/rails/engine.rb:524:in `call'
puma (3.12.1) lib/puma/configuration.rb:227:in `call'
puma (3.12.1) lib/puma/server.rb:660:in `handle_request'
puma (3.12.1) lib/puma/server.rb:474:in `process_client'
puma (3.12.1) lib/puma/server.rb:334:in `block in run'
puma (3.12.1) lib/puma/thread_pool.rb:135:in `block in spawn_thread'
Started GET "/utilities/pick_luckey_numbers" for ::1 at 2019-07-11 21:40:35 +0900
  
ActionController::RoutingError (No route matches [GET] "/utilities/pick_luckey_numbers"):
  
actionpack (5.2.3) lib/action_dispatch/middleware/debug_exceptions.rb:65:in `call'
web-console (3.7.0) lib/web_console/middleware.rb:135:in `call_app'
web-console (3.7.0) lib/web_console/middleware.rb:30:in `block in call'
web-console (3.7.0) lib/web_console/middleware.rb:20:in `catch'
web-console (3.7.0) lib/web_console/middleware.rb:20:in `call'
actionpack (5.2.3) lib/action_dispatch/middleware/show_exceptions.rb:33:in `call'
railties (5.2.3) lib/rails/rack/logger.rb:38:in `call_app'
railties (5.2.3) lib/rails/rack/logger.rb:26:in `block in call'
activesupport (5.2.3) lib/active_support/tagged_logging.rb:71:in `block in tagged'
activesupport (5.2.3) lib/active_support/tagged_logging.rb:28:in `tagged'
activesupport (5.2.3) lib/active_support/tagged_logging.rb:71:in `tagged'
railties (5.2.3) lib/rails/rack/logger.rb:26:in `call'
sprockets-rails (3.2.1) lib/sprockets/rails/quiet_assets.rb:13:in `call'
actionpack (5.2.3) lib/action_dispatch/middleware/remote_ip.rb:81:in `call'
actionpack (5.2.3) lib/action_dispatch/middleware/request_id.rb:27:in `call'
rack (2.0.7) lib/rack/method_override.rb:22:in `call'
rack (2.0.7) lib/rack/runtime.rb:22:in `call'
activesupport (5.2.3) lib/active_support/cache/strategy/local_cache_middleware.rb:29:in `call'
actionpack (5.2.3) lib/action_dispatch/middleware/executor.rb:14:in `call'
actionpack (5.2.3) lib/action_dispatch/middleware/static.rb:127:in `call'
rack (2.0.7) lib/rack/sendfile.rb:111:in `call'
railties (5.2.3) lib/rails/engine.rb:524:in `call'
puma (3.12.1) lib/puma/configuration.rb:227:in `call'
puma (3.12.1) lib/puma/server.rb:660:in `handle_request'
puma (3.12.1) lib/puma/server.rb:474:in `process_client'
puma (3.12.1) lib/puma/server.rb:334:in `block in run'
puma (3.12.1) lib/puma/thread_pool.rb:135:in `block in spawn_thread'
Started GET "/" for ::1 at 2019-07-11 21:40:41 +0900
Processing by HomeController#index as HTML
  Rendering html template
  Rendered html template (0.0ms)
Completed 200 OK in 2ms (Views: 1.8ms | ActiveRecord: 0.0ms)


Started GET "/utilities/pick_luckey_numbers" for ::1 at 2019-07-11 21:40:44 +0900
  
ActionController::RoutingError (No route matches [GET] "/utilities/pick_luckey_numbers"):
  
actionpack (5.2.3) lib/action_dispatch/middleware/debug_exceptions.rb:65:in `call'
web-console (3.7.0) lib/web_console/middleware.rb:135:in `call_app'
web-console (3.7.0) lib/web_console/middleware.rb:30:in `block in call'
web-console (3.7.0) lib/web_console/middleware.rb:20:in `catch'
web-console (3.7.0) lib/web_console/middleware.rb:20:in `call'
actionpack (5.2.3) lib/action_dispatch/middleware/show_exceptions.rb:33:in `call'
railties (5.2.3) lib/rails/rack/logger.rb:38:in `call_app'
railties (5.2.3) lib/rails/rack/logger.rb:26:in `block in call'
activesupport (5.2.3) lib/active_support/tagged_logging.rb:71:in `block in tagged'
activesupport (5.2.3) lib/active_support/tagged_logging.rb:28:in `tagged'
activesupport (5.2.3) lib/active_support/tagged_logging.rb:71:in `tagged'
railties (5.2.3) lib/rails/rack/logger.rb:26:in `call'
sprockets-rails (3.2.1) lib/sprockets/rails/quiet_assets.rb:13:in `call'
actionpack (5.2.3) lib/action_dispatch/middleware/remote_ip.rb:81:in `call'
actionpack (5.2.3) lib/action_dispatch/middleware/request_id.rb:27:in `call'
rack (2.0.7) lib/rack/method_override.rb:22:in `call'
rack (2.0.7) lib/rack/runtime.rb:22:in `call'
activesupport (5.2.3) lib/active_support/cache/strategy/local_cache_middleware.rb:29:in `call'
actionpack (5.2.3) lib/action_dispatch/middleware/executor.rb:14:in `call'
actionpack (5.2.3) lib/action_dispatch/middleware/static.rb:127:in `call'
rack (2.0.7) lib/rack/sendfile.rb:111:in `call'
railties (5.2.3) lib/rails/engine.rb:524:in `call'
puma (3.12.1) lib/puma/configuration.rb:227:in `call'
puma (3.12.1) lib/puma/server.rb:660:in `handle_request'
puma (3.12.1) lib/puma/server.rb:474:in `process_client'
puma (3.12.1) lib/puma/server.rb:334:in `block in run'
puma (3.12.1) lib/puma/thread_pool.rb:135:in `block in spawn_thread'
Started GET "/utilities/pick_lucky_numbers" for ::1 at 2019-07-11 21:41:25 +0900
Processing by UtilitiesController#pick_lucky_numbers as HTML
  Rendering utilities/pick_lucky_numbers.html.erb within layouts/application
  Rendered utilities/pick_lucky_numbers.html.erb within layouts/application (0.6ms)
Completed 200 OK in 250ms (Views: 247.2ms | ActiveRecord: 0.0ms)


Started GET "/utilities/pick_lucky_numbers" for ::1 at 2019-07-11 21:45:11 +0900
Processing by UtilitiesController#pick_lucky_numbers as HTML
  Rendering utilities/pick_lucky_numbers.html.erb within layouts/application
  Rendered utilities/pick_lucky_numbers.html.erb within layouts/application (0.2ms)
Completed 200 OK in 43ms (Views: 40.8ms | ActiveRecord: 0.0ms)


Started GET "/utilities/pick_lucky_numbers" for ::1 at 2019-07-11 21:46:12 +0900
Processing by UtilitiesController#pick_lucky_numbers as HTML
  Rendering utilities/pick_lucky_numbers.html.erb within layouts/application
  Rendered utilities/pick_lucky_numbers.html.erb within layouts/application (0.4ms)
Completed 200 OK in 25ms (Views: 22.7ms | ActiveRecord: 0.0ms)


Started GET "/utilities/pick_lucky_numbers" for ::1 at 2019-07-11 21:46:14 +0900
Processing by UtilitiesController#pick_lucky_numbers as HTML
  Rendering utilities/pick_lucky_numbers.html.erb within layouts/application
  Rendered utilities/pick_lucky_numbers.html.erb within layouts/application (0.6ms)
Completed 200 OK in 25ms (Views: 22.5ms | ActiveRecord: 0.0ms)


Started GET "/utilities/pick_lucky_numbers" for ::1 at 2019-07-11 21:46:26 +0900
Processing by UtilitiesController#pick_lucky_numbers as HTML
  Rendering utilities/pick_lucky_numbers.html.erb within layouts/application
  Rendered utilities/pick_lucky_numbers.html.erb within layouts/application (0.3ms)
Completed 200 OK in 29ms (Views: 27.1ms | ActiveRecord: 0.0ms)


Started GET "/utilities/pick_lucky_numbers" for ::1 at 2019-07-11 21:46:28 +0900
Processing by UtilitiesController#pick_lucky_numbers as HTML
  Rendering utilities/pick_lucky_numbers.html.erb within layouts/application
  Rendered utilities/pick_lucky_numbers.html.erb within layouts/application (0.4ms)
Completed 200 OK in 37ms (Views: 35.2ms | ActiveRecord: 0.0ms)


Started GET "/utilities/pick_lucky_numbers" for ::1 at 2019-07-11 21:46:28 +0900
Processing by UtilitiesController#pick_lucky_numbers as HTML
  Rendering utilities/pick_lucky_numbers.html.erb within layouts/application
  Rendered utilities/pick_lucky_numbers.html.erb within layouts/application (0.3ms)
Completed 200 OK in 35ms (Views: 31.8ms | ActiveRecord: 0.0ms)


Started GET "/utilities/pick_lucky_numbers" for ::1 at 2019-07-11 21:46:55 +0900
Processing by UtilitiesController#pick_lucky_numbers as HTML
  Rendering utilities/pick_lucky_numbers.html.erb within layouts/application
  Rendered utilities/pick_lucky_numbers.html.erb within layouts/application (0.4ms)
Completed 200 OK in 32ms (Views: 29.8ms | ActiveRecord: 0.0ms)


Started GET "/" for ::1 at 2019-07-11 21:50:35 +0900
Processing by HomeController#index as HTML
Completed 406 Not Acceptable in 72ms (ActiveRecord: 0.0ms)


  
ActionController::UnknownFormat (HomeController#index is missing a template for this request format and variant.

request.formats: ["text/html"]
request.variant: []

NOTE! For XHR/Ajax or API requests, this action would normally respond with 204 No Content: an empty white screen. Since you're loading it in a web browser, we assume that you expected to actually render a template, not nothing, so we're showing an error to be extra-clear. If you expect 204 No Content, carry on. That's what you'll get from an XHR or API request. Give it a shot.):
  
actionpack (5.2.3) lib/action_controller/metal/implicit_render.rb:55:in `default_render'
actionpack (5.2.3) lib/action_controller/metal/basic_implicit_render.rb:6:in `block in send_action'
actionpack (5.2.3) lib/action_controller/metal/basic_implicit_render.rb:6:in `tap'
actionpack (5.2.3) lib/action_controller/metal/basic_implicit_render.rb:6:in `send_action'
actionpack (5.2.3) lib/abstract_controller/base.rb:194:in `process_action'
actionpack (5.2.3) lib/action_controller/metal/rendering.rb:30:in `process_action'
actionpack (5.2.3) lib/abstract_controller/callbacks.rb:42:in `block in process_action'
activesupport (5.2.3) lib/active_support/callbacks.rb:132:in `run_callbacks'
actionpack (5.2.3) lib/abstract_controller/callbacks.rb:41:in `process_action'
actionpack (5.2.3) lib/action_controller/metal/rescue.rb:22:in `process_action'
actionpack (5.2.3) lib/action_controller/metal/instrumentation.rb:34:in `block in process_action'
activesupport (5.2.3) lib/active_support/notifications.rb:168:in `block in instrument'
activesupport (5.2.3) lib/active_support/notifications/instrumenter.rb:23:in `instrument'
activesupport (5.2.3) lib/active_support/notifications.rb:168:in `instrument'
actionpack (5.2.3) lib/action_controller/metal/instrumentation.rb:32:in `process_action'
actionpack (5.2.3) lib/action_controller/metal/params_wrapper.rb:256:in `process_action'
activerecord (5.2.3) lib/active_record/railties/controller_runtime.rb:24:in `process_action'
actionpack (5.2.3) lib/abstract_controller/base.rb:134:in `process'
actionview (5.2.3) lib/action_view/rendering.rb:32:in `process'
actionpack (5.2.3) lib/action_controller/metal.rb:191:in `dispatch'
actionpack (5.2.3) lib/action_controller/metal.rb:252:in `dispatch'
actionpack (5.2.3) lib/action_dispatch/routing/route_set.rb:52:in `dispatch'
actionpack (5.2.3) lib/action_dispatch/routing/route_set.rb:34:in `serve'
actionpack (5.2.3) lib/action_dispatch/journey/router.rb:52:in `block in serve'
actionpack (5.2.3) lib/action_dispatch/journey/router.rb:35:in `each'
actionpack (5.2.3) lib/action_dispatch/journey/router.rb:35:in `serve'
actionpack (5.2.3) lib/action_dispatch/routing/route_set.rb:840:in `call'
rack (2.0.7) lib/rack/tempfile_reaper.rb:15:in `call'
rack (2.0.7) lib/rack/etag.rb:25:in `call'
rack (2.0.7) lib/rack/conditional_get.rb:25:in `call'
rack (2.0.7) lib/rack/head.rb:12:in `call'
actionpack (5.2.3) lib/action_dispatch/http/content_security_policy.rb:18:in `call'
rack (2.0.7) lib/rack/session/abstract/id.rb:232:in `context'
rack (2.0.7) lib/rack/session/abstract/id.rb:226:in `call'
actionpack (5.2.3) lib/action_dispatch/middleware/cookies.rb:670:in `call'
activerecord (5.2.3) lib/active_record/migration.rb:559:in `call'
actionpack (5.2.3) lib/action_dispatch/middleware/callbacks.rb:28:in `block in call'
activesupport (5.2.3) lib/active_support/callbacks.rb:98:in `run_callbacks'
actionpack (5.2.3) lib/action_dispatch/middleware/callbacks.rb:26:in `call'
actionpack (5.2.3) lib/action_dispatch/middleware/executor.rb:14:in `call'
actionpack (5.2.3) lib/action_dispatch/middleware/debug_exceptions.rb:61:in `call'
web-console (3.7.0) lib/web_console/middleware.rb:135:in `call_app'
web-console (3.7.0) lib/web_console/middleware.rb:30:in `block in call'
web-console (3.7.0) lib/web_console/middleware.rb:20:in `catch'
web-console (3.7.0) lib/web_console/middleware.rb:20:in `call'
actionpack (5.2.3) lib/action_dispatch/middleware/show_exceptions.rb:33:in `call'
railties (5.2.3) lib/rails/rack/logger.rb:38:in `call_app'
railties (5.2.3) lib/rails/rack/logger.rb:26:in `block in call'
activesupport (5.2.3) lib/active_support/tagged_logging.rb:71:in `block in tagged'
activesupport (5.2.3) lib/active_support/tagged_logging.rb:28:in `tagged'
activesupport (5.2.3) lib/active_support/tagged_logging.rb:71:in `tagged'
railties (5.2.3) lib/rails/rack/logger.rb:26:in `call'
sprockets-rails (3.2.1) lib/sprockets/rails/quiet_assets.rb:13:in `call'
actionpack (5.2.3) lib/action_dispatch/middleware/remote_ip.rb:81:in `call'
actionpack (5.2.3) lib/action_dispatch/middleware/request_id.rb:27:in `call'
rack (2.0.7) lib/rack/method_override.rb:22:in `call'
rack (2.0.7) lib/rack/runtime.rb:22:in `call'
activesupport (5.2.3) lib/active_support/cache/strategy/local_cache_middleware.rb:29:in `call'
actionpack (5.2.3) lib/action_dispatch/middleware/executor.rb:14:in `call'
actionpack (5.2.3) lib/action_dispatch/middleware/static.rb:127:in `call'
rack (2.0.7) lib/rack/sendfile.rb:111:in `call'
railties (5.2.3) lib/rails/engine.rb:524:in `call'
puma (3.12.1) lib/puma/configuration.rb:227:in `call'
puma (3.12.1) lib/puma/server.rb:660:in `handle_request'
puma (3.12.1) lib/puma/server.rb:474:in `process_client'
puma (3.12.1) lib/puma/server.rb:334:in `block in run'
puma (3.12.1) lib/puma/thread_pool.rb:135:in `block in spawn_thread'
Started GET "/" for ::1 at 2019-07-11 21:51:16 +0900
Processing by HomeController#index as HTML
  Rendering home/index.html.erb within layouts/application
  Rendered home/index.html.erb within layouts/application (0.4ms)
Completed 200 OK in 31ms (Views: 28.9ms | ActiveRecord: 0.0ms)


Started GET "/animals" for ::1 at 2019-07-11 21:51:17 +0900
Processing by AnimalsController#index as HTML
  Rendering animals/index.html.erb within layouts/application
  Rendered animals/index.html.erb within layouts/application (0.3ms)
Completed 200 OK in 24ms (Views: 22.2ms | ActiveRecord: 0.0ms)


Started GET "/musics" for ::1 at 2019-07-11 21:51:19 +0900
Processing by MusicsController#index as HTML
  Rendering musics/index.html.erb within layouts/application
  Rendered musics/index.html.erb within layouts/application (0.4ms)
Completed 200 OK in 28ms (Views: 25.3ms | ActiveRecord: 0.0ms)


Started GET "/utilities" for ::1 at 2019-07-11 21:51:20 +0900
Processing by UtilitiesController#index as HTML
  Rendering utilities/index.html.erb within layouts/application
  Rendered utilities/index.html.erb within layouts/application (0.4ms)
Completed 200 OK in 36ms (Views: 32.4ms | ActiveRecord: 0.0ms)


Started GET "/utilities" for ::1 at 2019-07-11 21:53:43 +0900
Processing by UtilitiesController#index as HTML
  Rendering utilities/index.html.erb within layouts/application
  Rendered utilities/index.html.erb within layouts/application (0.4ms)
Completed 200 OK in 21ms (Views: 19.1ms | ActiveRecord: 0.0ms)


Started GET "/utilities/pick_lucky_numbers" for ::1 at 2019-07-11 21:53:57 +0900
Processing by UtilitiesController#pick_lucky_numbers as HTML
  Rendering utilities/pick_lucky_numbers.html.erb within layouts/application
  Rendered utilities/pick_lucky_numbers.html.erb within layouts/application (0.3ms)
Completed 200 OK in 28ms (Views: 24.5ms | ActiveRecord: 0.0ms)


Started GET "/utilities/pick_lucky_numbers" for ::1 at 2019-07-11 21:56:02 +0900
Processing by UtilitiesController#pick_lucky_numbers as HTML
  Rendering utilities/pick_lucky_numbers.html.erb within layouts/application
  Rendered utilities/pick_lucky_numbers.html.erb within layouts/application (0.3ms)
Completed 200 OK in 21ms (Views: 19.1ms | ActiveRecord: 0.0ms)


Started GET "/utilities/pick_lucky_numbers" for ::1 at 2019-07-11 21:56:04 +0900
Processing by UtilitiesController#pick_lucky_numbers as HTML
  Rendering utilities/pick_lucky_numbers.html.erb within layouts/application
  Rendered utilities/pick_lucky_numbers.html.erb within layouts/application (0.5ms)
Completed 200 OK in 24ms (Views: 22.0ms | ActiveRecord: 0.0ms)


Started GET "/utilities/pick_lucky_numbers" for ::1 at 2019-07-11 21:56:04 +0900
Processing by UtilitiesController#pick_lucky_numbers as HTML
  Rendering utilities/pick_lucky_numbers.html.erb within layouts/application
  Rendered utilities/pick_lucky_numbers.html.erb within layouts/application (0.4ms)
Completed 200 OK in 23ms (Views: 20.6ms | ActiveRecord: 0.0ms)


Started GET "/utilities/pick_lucky_numbers" for ::1 at 2019-07-11 21:56:05 +0900
Processing by UtilitiesController#pick_lucky_numbers as HTML
  Rendering utilities/pick_lucky_numbers.html.erb within layouts/application
  Rendered utilities/pick_lucky_numbers.html.erb within layouts/application (0.4ms)
Completed 200 OK in 34ms (Views: 32.0ms | ActiveRecord: 0.0ms)


Started GET "/utilities/pick_lucky_numbers" for ::1 at 2019-07-11 21:56:06 +0900
Processing by UtilitiesController#pick_lucky_numbers as HTML
  Rendering utilities/pick_lucky_numbers.html.erb within layouts/application
  Rendered utilities/pick_lucky_numbers.html.erb within layouts/application (0.4ms)
Completed 200 OK in 23ms (Views: 21.3ms | ActiveRecord: 0.0ms)


Started GET "/utilities/pick_lucky_numbers" for ::1 at 2019-07-11 21:56:06 +0900
Processing by UtilitiesController#pick_lucky_numbers as HTML
  Rendering utilities/pick_lucky_numbers.html.erb within layouts/application
  Rendered utilities/pick_lucky_numbers.html.erb within layouts/application (0.6ms)
Completed 200 OK in 22ms (Views: 20.4ms | ActiveRecord: 0.0ms)


Started GET "/utilities/pick_lucky_numbers" for ::1 at 2019-07-11 21:56:34 +0900
Processing by UtilitiesController#pick_lucky_numbers as HTML
  Rendering utilities/pick_lucky_numbers.html.erb within layouts/application
  Rendered utilities/pick_lucky_numbers.html.erb within layouts/application (0.4ms)
Completed 200 OK in 21ms (Views: 18.9ms | ActiveRecord: 0.0ms)


Started GET "/utilities/pick_lucky_numbers" for ::1 at 2019-07-11 21:56:34 +0900
Processing by UtilitiesController#pick_lucky_numbers as HTML
  Rendering utilities/pick_lucky_numbers.html.erb within layouts/application
  Rendered utilities/pick_lucky_numbers.html.erb within layouts/application (0.4ms)
Completed 200 OK in 24ms (Views: 22.0ms | ActiveRecord: 0.0ms)


Started GET "/utilities/pick_lucky_numbers" for ::1 at 2019-07-11 21:56:35 +0900
Processing by UtilitiesController#pick_lucky_numbers as HTML
  Rendering utilities/pick_lucky_numbers.html.erb within layouts/application
  Rendered utilities/pick_lucky_numbers.html.erb within layouts/application (0.4ms)
Completed 200 OK in 25ms (Views: 22.2ms | ActiveRecord: 0.0ms)


Started GET "/utilities/pick_lucky_numbers" for ::1 at 2019-07-11 21:56:35 +0900
Processing by UtilitiesController#pick_lucky_numbers as HTML
  Rendering utilities/pick_lucky_numbers.html.erb within layouts/application
  Rendered utilities/pick_lucky_numbers.html.erb within layouts/application (0.4ms)
Completed 200 OK in 30ms (Views: 27.7ms | ActiveRecord: 0.0ms)


Started GET "/utilities/pick_lucky_numbers" for ::1 at 2019-07-11 21:56:35 +0900
Processing by UtilitiesController#pick_lucky_numbers as HTML
  Rendering utilities/pick_lucky_numbers.html.erb within layouts/application
  Rendered utilities/pick_lucky_numbers.html.erb within layouts/application (0.5ms)
Completed 200 OK in 25ms (Views: 22.5ms | ActiveRecord: 0.0ms)


Started GET "/utilities/pick_lucky_numbers" for ::1 at 2019-07-11 21:56:36 +0900
Processing by UtilitiesController#pick_lucky_numbers as HTML
  Rendering utilities/pick_lucky_numbers.html.erb within layouts/application
  Rendered utilities/pick_lucky_numbers.html.erb within layouts/application (0.5ms)
Completed 200 OK in 22ms (Views: 19.9ms | ActiveRecord: 0.0ms)


Started GET "/utilities/pick_lucky_numbers" for ::1 at 2019-07-11 21:56:36 +0900
Processing by UtilitiesController#pick_lucky_numbers as HTML
  Rendering utilities/pick_lucky_numbers.html.erb within layouts/application
  Rendered utilities/pick_lucky_numbers.html.erb within layouts/application (0.4ms)
Completed 200 OK in 24ms (Views: 21.5ms | ActiveRecord: 0.0ms)


Started GET "/utilities/pick_lucky_numbers" for ::1 at 2019-07-11 21:56:36 +0900
Processing by UtilitiesController#pick_lucky_numbers as HTML
  Rendering utilities/pick_lucky_numbers.html.erb within layouts/application
  Rendered utilities/pick_lucky_numbers.html.erb within layouts/application (0.4ms)
Completed 200 OK in 24ms (Views: 22.1ms | ActiveRecord: 0.0ms)


Started GET "/utilities/pick_lucky_numbers" for ::1 at 2019-07-11 21:56:36 +0900
Processing by UtilitiesController#pick_lucky_numbers as HTML
  Rendering utilities/pick_lucky_numbers.html.erb within layouts/application
  Rendered utilities/pick_lucky_numbers.html.erb within layouts/application (0.5ms)
Completed 200 OK in 24ms (Views: 21.7ms | ActiveRecord: 0.0ms)


Started GET "/utilities/pick_lucky_numbers" for ::1 at 2019-07-11 21:56:36 +0900
Processing by UtilitiesController#pick_lucky_numbers as HTML
  Rendering utilities/pick_lucky_numbers.html.erb within layouts/application
  Rendered utilities/pick_lucky_numbers.html.erb within layouts/application (0.5ms)
Completed 200 OK in 24ms (Views: 22.2ms | ActiveRecord: 0.0ms)


Started GET "/utilities/pick_lucky_numbers" for ::1 at 2019-07-11 21:56:37 +0900
Processing by UtilitiesController#pick_lucky_numbers as HTML
  Rendering utilities/pick_lucky_numbers.html.erb within layouts/application
  Rendered utilities/pick_lucky_numbers.html.erb within layouts/application (0.4ms)
Completed 200 OK in 23ms (Views: 21.2ms | ActiveRecord: 0.0ms)


Started GET "/utilities/pick_lucky_numbers" for ::1 at 2019-07-11 21:57:05 +0900
Processing by UtilitiesController#pick_lucky_numbers as HTML
Completed 500 Internal Server Error in 2ms (ActiveRecord: 0.0ms)


  
NoMethodError (undefined method `sample' for 1..45:Range):
  
app/controllers/utilities_controller.rb:6:in `pick_lucky_numbers'
Started GET "/utilities/pick_lucky_numbers" for ::1 at 2019-07-11 21:57:31 +0900
Processing by UtilitiesController#pick_lucky_numbers as HTML
  Rendering utilities/pick_lucky_numbers.html.erb within layouts/application
  Rendered utilities/pick_lucky_numbers.html.erb within layouts/application (0.4ms)
Completed 200 OK in 23ms (Views: 20.6ms | ActiveRecord: 0.0ms)


Started GET "/utilities/pick_lucky_numbers" for ::1 at 2019-07-11 21:57:32 +0900
Processing by UtilitiesController#pick_lucky_numbers as HTML
  Rendering utilities/pick_lucky_numbers.html.erb within layouts/application
  Rendered utilities/pick_lucky_numbers.html.erb within layouts/application (0.4ms)
Completed 200 OK in 23ms (Views: 21.4ms | ActiveRecord: 0.0ms)


Started GET "/utilities/pick_lucky_numbers" for ::1 at 2019-07-11 21:57:32 +0900
Processing by UtilitiesController#pick_lucky_numbers as HTML
  Rendering utilities/pick_lucky_numbers.html.erb within layouts/application
  Rendered utilities/pick_lucky_numbers.html.erb within layouts/application (0.4ms)
Completed 200 OK in 24ms (Views: 21.7ms | ActiveRecord: 0.0ms)


Started GET "/utilities/pick_lucky_numbers" for ::1 at 2019-07-11 21:57:33 +0900
Processing by UtilitiesController#pick_lucky_numbers as HTML
  Rendering utilities/pick_lucky_numbers.html.erb within layouts/application
  Rendered utilities/pick_lucky_numbers.html.erb within layouts/application (0.3ms)
Completed 200 OK in 31ms (Views: 29.2ms | ActiveRecord: 0.0ms)


Started GET "/utilities/pick_lucky_numbers" for ::1 at 2019-07-11 21:57:33 +0900
Processing by UtilitiesController#pick_lucky_numbers as HTML
  Rendering utilities/pick_lucky_numbers.html.erb within layouts/application
  Rendered utilities/pick_lucky_numbers.html.erb within layouts/application (0.4ms)
Completed 200 OK in 27ms (Views: 24.8ms | ActiveRecord: 0.0ms)


Started GET "/utilities/pick_lucky_numbers" for ::1 at 2019-07-11 21:57:33 +0900
Processing by UtilitiesController#pick_lucky_numbers as HTML
  Rendering utilities/pick_lucky_numbers.html.erb within layouts/application
  Rendered utilities/pick_lucky_numbers.html.erb within layouts/application (0.5ms)
Completed 200 OK in 25ms (Views: 22.8ms | ActiveRecord: 0.0ms)


Started GET "/utilities/pick_lucky_numbers" for ::1 at 2019-07-11 21:58:06 +0900
Processing by UtilitiesController#pick_lucky_numbers as HTML
  Rendering utilities/pick_lucky_numbers.html.erb within layouts/application
  Rendered utilities/pick_lucky_numbers.html.erb within layouts/application (0.5ms)
Completed 200 OK in 29ms (Views: 26.8ms | ActiveRecord: 0.0ms)


Started GET "/utilities/pick_lucky_numbers" for ::1 at 2019-07-11 21:58:07 +0900
Processing by UtilitiesController#pick_lucky_numbers as HTML
  Rendering utilities/pick_lucky_numbers.html.erb within layouts/application
  Rendered utilities/pick_lucky_numbers.html.erb within layouts/application (0.3ms)
Completed 200 OK in 39ms (Views: 36.7ms | ActiveRecord: 0.0ms)


Started GET "/utilities/pick_lucky_numbers" for ::1 at 2019-07-11 21:58:07 +0900
Processing by UtilitiesController#pick_lucky_numbers as HTML
  Rendering utilities/pick_lucky_numbers.html.erb within layouts/application
  Rendered utilities/pick_lucky_numbers.html.erb within layouts/application (0.4ms)
Completed 200 OK in 34ms (Views: 32.0ms | ActiveRecord: 0.0ms)


Started GET "/utilities/pick_lucky_numbers" for ::1 at 2019-07-11 21:58:07 +0900
Processing by UtilitiesController#pick_lucky_numbers as HTML
  Rendering utilities/pick_lucky_numbers.html.erb within layouts/application
  Rendered utilities/pick_lucky_numbers.html.erb within layouts/application (0.4ms)
Completed 200 OK in 31ms (Views: 28.6ms | ActiveRecord: 0.0ms)


Started GET "/utilities/pick_lucky_numbers" for ::1 at 2019-07-11 21:59:33 +0900
  
SyntaxError (/Users/kimsungmin/Desktop/ruby_project/first_app/app/controllers/utilities_controller.rb:7: no .<digit> floating literal anymore; put 0 before dot
    @lucky_numbers = unmbers.sample.6
                                    ^
/Users/kimsungmin/Desktop/ruby_project/first_app/app/controllers/utilities_controller.rb:7: syntax error, unexpected tINTEGER, expecting '('):
  
app/controllers/utilities_controller.rb:7: no .<digit> floating literal anymore; put 0 before dot
app/controllers/utilities_controller.rb:7: syntax error, unexpected tINTEGER, expecting '('
Started GET "/utilities/pick_lucky_numbers" for ::1 at 2019-07-11 21:59:53 +0900
Processing by UtilitiesController#pick_lucky_numbers as HTML
  Rendering utilities/pick_lucky_numbers.html.erb within layouts/application
  Rendered utilities/pick_lucky_numbers.html.erb within layouts/application (0.4ms)
Completed 200 OK in 23ms (Views: 21.7ms | ActiveRecord: 0.0ms)


Started GET "/utilities/pick_lucky_numbers" for ::1 at 2019-07-11 21:59:54 +0900
Processing by UtilitiesController#pick_lucky_numbers as HTML
  Rendering utilities/pick_lucky_numbers.html.erb within layouts/application
  Rendered utilities/pick_lucky_numbers.html.erb within layouts/application (0.4ms)
Completed 200 OK in 23ms (Views: 21.2ms | ActiveRecord: 0.0ms)


Started GET "/utilities/pick_lucky_numbers" for ::1 at 2019-07-11 21:59:54 +0900
Processing by UtilitiesController#pick_lucky_numbers as HTML
  Rendering utilities/pick_lucky_numbers.html.erb within layouts/application
  Rendered utilities/pick_lucky_numbers.html.erb within layouts/application (0.3ms)
Completed 200 OK in 33ms (Views: 31.1ms | ActiveRecord: 0.0ms)


Started GET "/utilities/pick_lucky_numbers" for ::1 at 2019-07-11 21:59:54 +0900
Processing by UtilitiesController#pick_lucky_numbers as HTML
  Rendering utilities/pick_lucky_numbers.html.erb within layouts/application
  Rendered utilities/pick_lucky_numbers.html.erb within layouts/application (0.3ms)
Completed 200 OK in 26ms (Views: 23.8ms | ActiveRecord: 0.0ms)


Started GET "/utilities/pick_lucky_numbers" for ::1 at 2019-07-11 21:59:55 +0900
Processing by UtilitiesController#pick_lucky_numbers as HTML
  Rendering utilities/pick_lucky_numbers.html.erb within layouts/application
  Rendered utilities/pick_lucky_numbers.html.erb within layouts/application (0.4ms)
Completed 200 OK in 29ms (Views: 26.6ms | ActiveRecord: 0.0ms)


Started GET "/utilities/pick_lucky_numbers" for ::1 at 2019-07-11 21:59:55 +0900
Processing by UtilitiesController#pick_lucky_numbers as HTML
  Rendering utilities/pick_lucky_numbers.html.erb within layouts/application
  Rendered utilities/pick_lucky_numbers.html.erb within layouts/application (0.4ms)
Completed 200 OK in 23ms (Views: 21.0ms | ActiveRecord: 0.0ms)


Started GET "/utilities/pick_lucky_numbers" for ::1 at 2019-07-11 21:59:55 +0900
Processing by UtilitiesController#pick_lucky_numbers as HTML
  Rendering utilities/pick_lucky_numbers.html.erb within layouts/application
  Rendered utilities/pick_lucky_numbers.html.erb within layouts/application (0.4ms)
Completed 200 OK in 24ms (Views: 21.5ms | ActiveRecord: 0.0ms)


Started GET "/utilities/pick_lucky_numbers" for ::1 at 2019-07-11 21:59:55 +0900
Processing by UtilitiesController#pick_lucky_numbers as HTML
  Rendering utilities/pick_lucky_numbers.html.erb within layouts/application
  Rendered utilities/pick_lucky_numbers.html.erb within layouts/application (0.5ms)
Completed 200 OK in 24ms (Views: 21.5ms | ActiveRecord: 0.0ms)


Started GET "/utilities/pick_lucky_numbers" for ::1 at 2019-07-11 21:59:56 +0900
Processing by UtilitiesController#pick_lucky_numbers as HTML
  Rendering utilities/pick_lucky_numbers.html.erb within layouts/application
  Rendered utilities/pick_lucky_numbers.html.erb within layouts/application (0.4ms)
Completed 200 OK in 24ms (Views: 21.7ms | ActiveRecord: 0.0ms)


Started GET "/utilities/pick_lucky_numbers" for ::1 at 2019-07-11 21:59:56 +0900
Processing by UtilitiesController#pick_lucky_numbers as HTML
  Rendering utilities/pick_lucky_numbers.html.erb within layouts/application
  Rendered utilities/pick_lucky_numbers.html.erb within layouts/application (0.4ms)
Completed 200 OK in 29ms (Views: 26.9ms | ActiveRecord: 0.0ms)


Started GET "/utilities/pick_lucky_numbers" for ::1 at 2019-07-11 21:59:57 +0900
Processing by UtilitiesController#pick_lucky_numbers as HTML
  Rendering utilities/pick_lucky_numbers.html.erb within layouts/application
  Rendered utilities/pick_lucky_numbers.html.erb within layouts/application (0.4ms)
Completed 200 OK in 22ms (Views: 19.6ms | ActiveRecord: 0.0ms)


Started GET "/utilities/pick_lucky_numbers" for ::1 at 2019-07-11 21:59:57 +0900
Processing by UtilitiesController#pick_lucky_numbers as HTML
  Rendering utilities/pick_lucky_numbers.html.erb within layouts/application
  Rendered utilities/pick_lucky_numbers.html.erb within layouts/application (0.4ms)
Completed 200 OK in 22ms (Views: 19.5ms | ActiveRecord: 0.0ms)


Started GET "/utilities/" for ::1 at 2019-07-11 22:00:01 +0900
Processing by UtilitiesController#index as HTML
  Rendering utilities/index.html.erb within layouts/application
  Rendered utilities/index.html.erb within layouts/application (0.3ms)
Completed 200 OK in 26ms (Views: 22.9ms | ActiveRecord: 0.0ms)


Started GET "/utilities/" for ::1 at 2019-07-11 22:00:53 +0900
Processing by UtilitiesController#index as HTML
  Rendering utilities/index.html.erb within layouts/application
  Rendered utilities/index.html.erb within layouts/application (0.4ms)
Completed 200 OK in 21ms (Views: 19.0ms | ActiveRecord: 0.0ms)


Started GET "/utilities/pick_lucky_numbers" for ::1 at 2019-07-11 22:00:57 +0900
Processing by UtilitiesController#pick_lucky_numbers as HTML
  Rendering utilities/pick_lucky_numbers.html.erb within layouts/application
  Rendered utilities/pick_lucky_numbers.html.erb within layouts/application (0.4ms)
Completed 200 OK in 25ms (Views: 23.3ms | ActiveRecord: 0.0ms)


Started GET "/utilities/pick_lucky_numbers" for ::1 at 2019-07-11 22:00:59 +0900
Processing by UtilitiesController#pick_lucky_numbers as HTML
  Rendering utilities/pick_lucky_numbers.html.erb within layouts/application
  Rendered utilities/pick_lucky_numbers.html.erb within layouts/application (0.4ms)
Completed 200 OK in 24ms (Views: 22.3ms | ActiveRecord: 0.0ms)


Started GET "/utilities/pick_lucky_numbers" for ::1 at 2019-07-11 22:00:59 +0900
Processing by UtilitiesController#pick_lucky_numbers as HTML
  Rendering utilities/pick_lucky_numbers.html.erb within layouts/application
  Rendered utilities/pick_lucky_numbers.html.erb within layouts/application (0.4ms)
Completed 200 OK in 31ms (Views: 28.7ms | ActiveRecord: 0.0ms)


Started GET "/utilities/pick_lucky_numbers" for ::1 at 2019-07-11 22:01:00 +0900
Processing by UtilitiesController#pick_lucky_numbers as HTML
  Rendering utilities/pick_lucky_numbers.html.erb within layouts/application
  Rendered utilities/pick_lucky_numbers.html.erb within layouts/application (0.3ms)
Completed 200 OK in 24ms (Views: 21.9ms | ActiveRecord: 0.0ms)


